<?xml version="1.0" encoding="UTF-8"?>
<!-- Generated by org.testng.reporters.JUnitReportReporter -->
<testsuite hostname="DESKTOP-0LAVF00" failures="0" tests="2" name="variousConcepts.LoginTest_JUnit" time="0.333" errors="0" timestamp="2022-11-20T10:43:55 PST" skipped="1">
  <testcase classname="variousConcepts.LoginTest_JUnit" name="loginTest" time="0.333"/>
  <system-out/>
  <testcase classname="variousConcepts.LoginTest_JUnit" name="negLoginTest">
    <skipped/>
  </testcase> <!-- negLoginTest -->
  <system-out/>
</testsuite> <!-- variousConcepts.LoginTest_JUnit -->
